c:\users\emreasus\source\repos\ımage processıng\ımage processıng\debug\vc141.pdb
c:\users\emreasus\source\repos\ımage processıng\ımage processıng\debug\myform.obj
c:\users\emreasus\source\repos\ımage processıng\ımage processıng\debug\.netframework,versıon=v4.6.1.assemblyattrıbutes.obj
c:\users\emreasus\source\repos\ımage processıng\ımage processıng\debug\.netframework,versıon=v4.6.1.assemblyattrıbutes.asm
c:\users\emreasus\source\repos\ımage processıng\ımage processıng\debug\ımge.obj
c:\users\emreasus\source\repos\ımage processing\ımage processing\debug\ımageprocessing.myform.resources
c:\users\emreasus\source\repos\ımage processıng\debug\ımage processıng.exe
c:\users\emreasus\source\repos\ımage processıng\debug\ımage processıng.pdb
c:\users\emreasus\source\repos\ımage processıng\ımage processıng\debug\ımage processıng.tlog\metagen.wrıte.1.tlog
c:\users\emreasus\source\repos\ımage processing\ımage processing\debug\ımage processing.vcxproj.generateresource.cache
c:\users\emreasus\source\repos\ımage processing\ımage processing\debug\ımage processing.vcxprojresolveassemblyreference.cache
c:\users\emreasus\source\repos\ımage processing\ımage processing\debug\.netframework,version=v4.6.1.assemblyattributes.obj
c:\users\emreasus\source\repos\ımage processing\ımage processing\debug\ımge.obj
c:\users\emreasus\source\repos\ımage processing\ımage processing\debug\imge_bmp.obj
c:\users\emreasus\source\repos\ımage processing\ımage processing\debug\vc141.pdb
c:\users\emreasus\source\repos\ımage processing\ımage processing\debug\ımage processing.tlog\cl.command.1.tlog
c:\users\emreasus\source\repos\ımage processing\ımage processing\debug\ımage processing.tlog\cl.read.1.tlog
c:\users\emreasus\source\repos\ımage processing\ımage processing\debug\ımage processing.tlog\cl.write.1.tlog
c:\users\emreasus\source\repos\ımage processing\ımage processing\debug\ımage processing.tlog\ımage processing.write.1u.tlog
c:\users\emreasus\source\repos\ımage processing\ımage processing\debug\ımage processing.tlog\link.command.1.tlog
c:\users\emreasus\source\repos\ımage processing\ımage processing\debug\ımage processing.tlog\link.read.1.tlog
c:\users\emreasus\source\repos\ımage processing\ımage processing\debug\ımage processing.tlog\link.write.1.tlog
c:\users\emreasus\source\repos\ımage processing\ımage processing\debug\ımage processing.tlog\metagen.read.1.tlog
c:\users\emreasus\source\repos\ımage processing\ımage processing\debug\ımage processing.tlog\metagen.write.1.tlog
c:\users\emreasus\source\repos\ımage processing\ımage processing\debug\ımage processing.tlog\mscorlıb.dll.metagen
c:\users\emreasus\source\repos\ımage processing\ımage processing\debug\ımage processing.tlog\system.data.dll.metagen
c:\users\emreasus\source\repos\ımage processing\ımage processing\debug\ımage processing.tlog\system.dll.metagen
c:\users\emreasus\source\repos\ımage processing\ımage processing\debug\ımage processing.tlog\system.drawıng.dll.metagen
c:\users\emreasus\source\repos\ımage processing\ımage processing\debug\ımage processing.tlog\system.wındows.forms.datavısualızatıon.dll.metagen
c:\users\emreasus\source\repos\ımage processing\ımage processing\debug\ımage processing.tlog\system.wındows.forms.dll.metagen
c:\users\emreasus\source\repos\ımage processing\ımage processing\debug\ımage processing.tlog\system.xml.dll.metagen
c:\users\emreasus\source\repos\ımage processing\ımage processing\debug\ımage processing.tlog\clr.dll.bi
c:\users\emreasus\source\repos\ımage processing\ımage processing\debug\ımage processing.tlog\cluı.dll.bi
c:\users\emreasus\source\repos\ımage processing\ımage processing\debug\ımage processing.tlog\mscorwks.dll.bi
c:\users\emreasus\source\repos\ımage processing\ımage processing\debug\ımage processing.tlog\tzres.dll.bi
